<?xml version="1.0" encoding="UTF-8"?>
<testsuite xmlns:xsi="http://www.w3.org/2001/XMLSchema-instance" xsi:noNamespaceSchemaLocation="https://maven.apache.org/surefire/maven-surefire-plugin/xsd/surefire-test-report-3.0.xsd" version="3.0" name="com.soen6011.project.TangentTest" time="0.015" tests="5" errors="0" skipped="0" failures="0">
  <properties>
[...]
</properties>
  <testcase name="testCalculateTangent_ThreePiDiv2" classname="com.soen6011.project.TangentTest" time="0.007"/>
  <testcase name="testCalculateTangent_PiDiv2" classname="com.soen6011.project.TangentTest" time="0.001"/>
  <testcase name="testCalculateTangent_Pi" classname="com.soen6011.project.TangentTest" time="0"/>
  <testcase name="testCalculateTangent_NegativePiDiv2" classname="com.soen6011.project.TangentTest" time="0"/>
  <testcase name="testCalculateTangent_Zero" classname="com.soen6011.project.TangentTest" time="0"/>
</testsuite>